{"C:/Users/Asya_Danilova/Desktop/rs-react-course/src/App.tsx": {"path":"C:/Users/Asya_Danilova/Desktop/rs-react-course/src/App.tsx","statementMap":{"0":{"start":{"line":10,"column":22},"end":{"line":40,"column":null}},"1":{"start":{"line":11,"column":2},"end":{"line":38,"column":null}},"2":{"start":{"line":20,"column":29},"end":{"line":20,"column":null}}},"fnMap":{"0":{"name":"(anonymous_0)","decl":{"start":{"line":10,"column":22},"end":{"line":10,"column":28}},"loc":{"start":{"line":10,"column":28},"end":{"line":40,"column":null}}},"1":{"name":"(anonymous_1)","decl":{"start":{"line":20,"column":23},"end":{"line":20,"column":29}},"loc":{"start":{"line":20,"column":29},"end":{"line":20,"column":null}}}},"branchMap":{},"s":{"0":4,"1":10,"2":2},"f":{"0":10,"1":2},"b":{}}
,"C:/Users/Asya_Danilova/Desktop/rs-react-course/src/main.tsx": {"path":"C:/Users/Asya_Danilova/Desktop/rs-react-course/src/main.tsx","statementMap":{"0":{"start":{"line":8,"column":0},"end":{"line":14,"column":null}}},"fnMap":{},"branchMap":{},"s":{"0":1},"f":{},"b":{}}
,"C:/Users/Asya_Danilova/Desktop/rs-react-course/src/api/getAllUniversities.tsx": {"path":"C:/Users/Asya_Danilova/Desktop/rs-react-course/src/api/getAllUniversities.tsx","statementMap":{"0":{"start":{"line":4,"column":19},"end":{"line":4,"column":null}},"1":{"start":{"line":5,"column":2},"end":{"line":10,"column":null}},"2":{"start":{"line":6,"column":4},"end":{"line":6,"column":null}},"3":{"start":{"line":8,"column":4},"end":{"line":8,"column":null}},"4":{"start":{"line":9,"column":4},"end":{"line":9,"column":null}}},"fnMap":{"0":{"name":"getAllUniversities","decl":{"start":{"line":3,"column":22},"end":{"line":3,"column":66}},"loc":{"start":{"line":3,"column":66},"end":{"line":11,"column":null}}}},"branchMap":{},"s":{"0":2,"1":2,"2":2,"3":1,"4":1},"f":{"0":2},"b":{}}
,"C:/Users/Asya_Danilova/Desktop/rs-react-course/src/api/makeApiRequest.tsx": {"path":"C:/Users/Asya_Danilova/Desktop/rs-react-course/src/api/makeApiRequest.tsx","statementMap":{"0":{"start":{"line":14,"column":42},"end":{"line":16,"column":null}},"1":{"start":{"line":18,"column":38},"end":{"line":21,"column":null}},"2":{"start":{"line":23,"column":17},"end":{"line":23,"column":null}},"3":{"start":{"line":25,"column":2},"end":{"line":27,"column":null}},"4":{"start":{"line":26,"column":4},"end":{"line":26,"column":null}},"5":{"start":{"line":29,"column":2},"end":{"line":43,"column":null}},"6":{"start":{"line":30,"column":21},"end":{"line":30,"column":null}},"7":{"start":{"line":32,"column":4},"end":{"line":36,"column":null}},"8":{"start":{"line":33,"column":24},"end":{"line":33,"column":null}},"9":{"start":{"line":34,"column":6},"end":{"line":34,"column":null}},"10":{"start":{"line":35,"column":6},"end":{"line":35,"column":null}},"11":{"start":{"line":38,"column":20},"end":{"line":38,"column":null}},"12":{"start":{"line":39,"column":4},"end":{"line":39,"column":null}},"13":{"start":{"line":41,"column":4},"end":{"line":41,"column":null}},"14":{"start":{"line":42,"column":4},"end":{"line":42,"column":null}}},"fnMap":{"0":{"name":"makeApiRequest","decl":{"start":{"line":9,"column":22},"end":{"line":9,"column":null}},"loc":{"start":{"line":13,"column":14},"end":{"line":44,"column":null}}}},"branchMap":{"0":{"loc":{"start":{"line":11,"column":2},"end":{"line":11,"column":null}},"type":"default-arg","locations":[{"start":{"line":11,"column":19},"end":{"line":11,"column":null}}]},"1":{"loc":{"start":{"line":25,"column":2},"end":{"line":27,"column":null}},"type":"if","locations":[{"start":{"line":25,"column":2},"end":{"line":27,"column":null}},{"start":{},"end":{}}]},"2":{"loc":{"start":{"line":25,"column":6},"end":{"line":25,"column":57}},"type":"binary-expr","locations":[{"start":{"line":25,"column":6},"end":{"line":25,"column":14}},{"start":{"line":25,"column":14},"end":{"line":25,"column":57}}]},"3":{"loc":{"start":{"line":32,"column":4},"end":{"line":36,"column":null}},"type":"if","locations":[{"start":{"line":32,"column":4},"end":{"line":36,"column":null}},{"start":{},"end":{}}]}},"s":{"0":2,"1":2,"2":2,"3":2,"4":0,"5":2,"6":2,"7":2,"8":1,"9":1,"10":1,"11":1,"12":1,"13":1,"14":1},"f":{"0":2},"b":{"0":[2],"1":[0,2],"2":[2,0],"3":[1,1]}}
,"C:/Users/Asya_Danilova/Desktop/rs-react-course/src/api/searchUniversities.tsx": {"path":"C:/Users/Asya_Danilova/Desktop/rs-react-course/src/api/searchUniversities.tsx","statementMap":{"0":{"start":{"line":6,"column":19},"end":{"line":6,"column":null}},"1":{"start":{"line":7,"column":2},"end":{"line":12,"column":null}},"2":{"start":{"line":8,"column":4},"end":{"line":8,"column":null}},"3":{"start":{"line":10,"column":4},"end":{"line":10,"column":null}},"4":{"start":{"line":11,"column":4},"end":{"line":11,"column":null}}},"fnMap":{"0":{"name":"searchUniversities","decl":{"start":{"line":3,"column":22},"end":{"line":3,"column":null}},"loc":{"start":{"line":5,"column":25},"end":{"line":13,"column":null}}}},"branchMap":{},"s":{"0":2,"1":2,"2":2,"3":1,"4":1},"f":{"0":2},"b":{}}
,"C:/Users/Asya_Danilova/Desktop/rs-react-course/src/components/ErrorBoundary/ErrorBoundary.tsx": {"path":"C:/Users/Asya_Danilova/Desktop/rs-react-course/src/components/ErrorBoundary/ErrorBoundary.tsx","statementMap":{"0":{"start":{"line":13,"column":4},"end":{"line":13,"column":null}},"1":{"start":{"line":14,"column":4},"end":{"line":14,"column":null}},"2":{"start":{"line":17,"column":40},"end":{"line":29,"column":null}},"3":{"start":{"line":22,"column":25},"end":{"line":22,"column":null}},"4":{"start":{"line":32,"column":4},"end":{"line":32,"column":null}},"5":{"start":{"line":36,"column":4},"end":{"line":36,"column":null}},"6":{"start":{"line":40,"column":4},"end":{"line":42,"column":null}},"7":{"start":{"line":41,"column":6},"end":{"line":41,"column":null}},"8":{"start":{"line":43,"column":4},"end":{"line":43,"column":null}}},"fnMap":{"0":{"name":"(anonymous_0)","decl":{"start":{"line":12,"column":2},"end":{"line":12,"column":14}},"loc":{"start":{"line":12,"column":28},"end":{"line":15,"column":null}}},"1":{"name":"(anonymous_1)","decl":{"start":{"line":22,"column":19},"end":{"line":22,"column":25}},"loc":{"start":{"line":22,"column":25},"end":{"line":22,"column":null}}},"2":{"name":"(anonymous_2)","decl":{"start":{"line":31,"column":2},"end":{"line":31,"column":9}},"loc":{"start":{"line":31,"column":59},"end":{"line":33,"column":null}}},"3":{"name":"(anonymous_3)","decl":{"start":{"line":35,"column":2},"end":{"line":35,"column":20}},"loc":{"start":{"line":35,"column":68},"end":{"line":37,"column":null}}},"4":{"name":"(anonymous_4)","decl":{"start":{"line":39,"column":2},"end":{"line":39,"column":22}},"loc":{"start":{"line":39,"column":22},"end":{"line":44,"column":null}}}},"branchMap":{"0":{"loc":{"start":{"line":40,"column":4},"end":{"line":42,"column":null}},"type":"if","locations":[{"start":{"line":40,"column":4},"end":{"line":42,"column":null}},{"start":{},"end":{}}]}},"s":{"0":23,"1":19,"2":6,"3":0,"4":14,"5":7,"6":33,"7":12,"8":21},"f":{"0":23,"1":0,"2":14,"3":7,"4":33},"b":{"0":[12,21]}}
,"C:/Users/Asya_Danilova/Desktop/rs-react-course/src/components/ErrorButton/ErrorButton.tsx": {"path":"C:/Users/Asya_Danilova/Desktop/rs-react-course/src/components/ErrorButton/ErrorButton.tsx","statementMap":{"0":{"start":{"line":3,"column":30},"end":{"line":19,"column":null}},"1":{"start":{"line":4,"column":38},"end":{"line":4,"column":null}},"2":{"start":{"line":6,"column":23},"end":{"line":8,"column":null}},"3":{"start":{"line":7,"column":4},"end":{"line":7,"column":null}},"4":{"start":{"line":10,"column":2},"end":{"line":12,"column":null}},"5":{"start":{"line":11,"column":4},"end":{"line":11,"column":null}},"6":{"start":{"line":14,"column":2},"end":{"line":17,"column":null}}},"fnMap":{"0":{"name":"(anonymous_0)","decl":{"start":{"line":3,"column":30},"end":{"line":3,"column":36}},"loc":{"start":{"line":3,"column":36},"end":{"line":19,"column":null}}},"1":{"name":"(anonymous_1)","decl":{"start":{"line":6,"column":23},"end":{"line":6,"column":29}},"loc":{"start":{"line":6,"column":29},"end":{"line":8,"column":null}}}},"branchMap":{"0":{"loc":{"start":{"line":10,"column":2},"end":{"line":12,"column":null}},"type":"if","locations":[{"start":{"line":10,"column":2},"end":{"line":12,"column":null}},{"start":{},"end":{}}]}},"s":{"0":2,"1":13,"2":12,"3":1,"4":12,"5":4,"6":8},"f":{"0":13,"1":1},"b":{"0":[4,8]}}
,"C:/Users/Asya_Danilova/Desktop/rs-react-course/src/components/Footer/Footer.tsx": {"path":"C:/Users/Asya_Danilova/Desktop/rs-react-course/src/components/Footer/Footer.tsx","statementMap":{"0":{"start":{"line":4,"column":15},"end":{"line":27,"column":null}},"1":{"start":{"line":5,"column":8},"end":{"line":5,"column":null}},"2":{"start":{"line":7,"column":2},"end":{"line":25,"column":null}}},"fnMap":{"0":{"name":"(anonymous_0)","decl":{"start":{"line":4,"column":15},"end":{"line":4,"column":21}},"loc":{"start":{"line":4,"column":21},"end":{"line":27,"column":null}}}},"branchMap":{},"s":{"0":1,"1":2,"2":2},"f":{"0":2},"b":{}}
,"C:/Users/Asya_Danilova/Desktop/rs-react-course/src/components/Header/Header.tsx": {"path":"C:/Users/Asya_Danilova/Desktop/rs-react-course/src/components/Header/Header.tsx","statementMap":{"0":{"start":{"line":4,"column":15},"end":{"line":43,"column":null}},"1":{"start":{"line":5,"column":21},"end":{"line":27,"column":null}},"2":{"start":{"line":6,"column":4},"end":{"line":27,"column":null}},"3":{"start":{"line":30,"column":2},"end":{"line":41,"column":null}}},"fnMap":{"0":{"name":"(anonymous_0)","decl":{"start":{"line":4,"column":15},"end":{"line":4,"column":21}},"loc":{"start":{"line":4,"column":21},"end":{"line":43,"column":null}}},"1":{"name":"(anonymous_1)","decl":{"start":{"line":5,"column":21},"end":{"line":5,"column":null}},"loc":{"start":{"line":6,"column":4},"end":{"line":27,"column":null}}}},"branchMap":{},"s":{"0":1,"1":1,"2":1,"3":1},"f":{"0":1,"1":1},"b":{}}
,"C:/Users/Asya_Danilova/Desktop/rs-react-course/src/components/MainContainer/MainContainer.tsx": {"path":"C:/Users/Asya_Danilova/Desktop/rs-react-course/src/components/MainContainer/MainContainer.tsx","statementMap":{"0":{"start":{"line":6,"column":22},"end":{"line":21,"column":null}},"1":{"start":{"line":7,"column":2},"end":{"line":19,"column":null}}},"fnMap":{"0":{"name":"(anonymous_0)","decl":{"start":{"line":6,"column":22},"end":{"line":6,"column":28}},"loc":{"start":{"line":6,"column":28},"end":{"line":21,"column":null}}}},"branchMap":{},"s":{"0":1,"1":3},"f":{"0":3},"b":{}}
,"C:/Users/Asya_Danilova/Desktop/rs-react-course/src/components/ResultsContainer/ResultsContainer.tsx": {"path":"C:/Users/Asya_Danilova/Desktop/rs-react-course/src/components/ResultsContainer/ResultsContainer.tsx","statementMap":{"0":{"start":{"line":9,"column":18},"end":{"line":9,"column":null}},"1":{"start":{"line":11,"column":35},"end":{"line":205,"column":null}},"2":{"start":{"line":12,"column":42},"end":{"line":12,"column":null}},"3":{"start":{"line":13,"column":32},"end":{"line":13,"column":null}},"4":{"start":{"line":14,"column":28},"end":{"line":14,"column":null}},"5":{"start":{"line":15,"column":40},"end":{"line":15,"column":null}},"6":{"start":{"line":18,"column":4},"end":{"line":18,"column":null}},"7":{"start":{"line":20,"column":42},"end":{"line":20,"column":null}},"8":{"start":{"line":22,"column":19},"end":{"line":22,"column":null}},"9":{"start":{"line":24,"column":28},"end":{"line":42,"column":null}},"10":{"start":{"line":25,"column":23},"end":{"line":25,"column":null}},"11":{"start":{"line":26,"column":4},"end":{"line":26,"column":null}},"12":{"start":{"line":27,"column":4},"end":{"line":41,"column":null}},"13":{"start":{"line":28,"column":6},"end":{"line":34,"column":null}},"14":{"start":{"line":29,"column":36},"end":{"line":29,"column":null}},"15":{"start":{"line":30,"column":8},"end":{"line":30,"column":null}},"16":{"start":{"line":32,"column":37},"end":{"line":32,"column":null}},"17":{"start":{"line":33,"column":8},"end":{"line":33,"column":null}},"18":{"start":{"line":35,"column":6},"end":{"line":35,"column":null}},"19":{"start":{"line":37,"column":6},"end":{"line":37,"column":null}},"20":{"start":{"line":38,"column":6},"end":{"line":38,"column":null}},"21":{"start":{"line":40,"column":6},"end":{"line":40,"column":null}},"22":{"start":{"line":44,"column":33},"end":{"line":48,"column":null}},"23":{"start":{"line":45,"column":4},"end":{"line":45,"column":null}},"24":{"start":{"line":46,"column":15},"end":{"line":46,"column":null}},"25":{"start":{"line":47,"column":4},"end":{"line":47,"column":null}},"26":{"start":{"line":50,"column":29},"end":{"line":55,"column":null}},"27":{"start":{"line":51,"column":4},"end":{"line":51,"column":null}},"28":{"start":{"line":52,"column":26},"end":{"line":52,"column":null}},"29":{"start":{"line":53,"column":4},"end":{"line":53,"column":null}},"30":{"start":{"line":54,"column":4},"end":{"line":54,"column":null}},"31":{"start":{"line":57,"column":32},"end":{"line":60,"column":null}},"32":{"start":{"line":62,"column":25},"end":{"line":66,"column":null}},"33":{"start":{"line":63,"column":4},"end":{"line":65,"column":null}},"34":{"start":{"line":64,"column":6},"end":{"line":64,"column":null}},"35":{"start":{"line":64,"column":35},"end":{"line":64,"column":47}},"36":{"start":{"line":68,"column":29},"end":{"line":72,"column":null}},"37":{"start":{"line":69,"column":4},"end":{"line":71,"column":null}},"38":{"start":{"line":70,"column":6},"end":{"line":70,"column":null}},"39":{"start":{"line":70,"column":35},"end":{"line":70,"column":47}},"40":{"start":{"line":74,"column":2},"end":{"line":84,"column":null}},"41":{"start":{"line":75,"column":22},"end":{"line":75,"column":null}},"42":{"start":{"line":76,"column":4},"end":{"line":83,"column":null}},"43":{"start":{"line":77,"column":30},"end":{"line":79,"column":null}},"44":{"start":{"line":78,"column":8},"end":{"line":78,"column":null}},"45":{"start":{"line":80,"column":6},"end":{"line":80,"column":null}},"46":{"start":{"line":82,"column":6},"end":{"line":82,"column":null}},"47":{"start":{"line":86,"column":2},"end":{"line":95,"column":null}},"48":{"start":{"line":87,"column":4},"end":{"line":87,"column":null}},"49":{"start":{"line":88,"column":35},"end":{"line":90,"column":null}},"50":{"start":{"line":89,"column":6},"end":{"line":89,"column":null}},"51":{"start":{"line":91,"column":4},"end":{"line":91,"column":null}},"52":{"start":{"line":92,"column":4},"end":{"line":94,"column":null}},"53":{"start":{"line":93,"column":6},"end":{"line":93,"column":null}},"54":{"start":{"line":97,"column":33},"end":{"line":133,"column":null}},"55":{"start":{"line":98,"column":4},"end":{"line":108,"column":null}},"56":{"start":{"line":102,"column":6},"end":{"line":106,"column":null}},"57":{"start":{"line":110,"column":4},"end":{"line":132,"column":null}},"58":{"start":{"line":111,"column":6},"end":{"line":131,"column":null}},"59":{"start":{"line":118,"column":23},"end":{"line":118,"column":null}},"60":{"start":{"line":135,"column":2},"end":{"line":141,"column":null}},"61":{"start":{"line":136,"column":4},"end":{"line":139,"column":null}},"62":{"start":{"line":143,"column":2},"end":{"line":203,"column":null}}},"fnMap":{"0":{"name":"(anonymous_0)","decl":{"start":{"line":11,"column":35},"end":{"line":11,"column":41}},"loc":{"start":{"line":11,"column":41},"end":{"line":205,"column":null}}},"1":{"name":"(anonymous_1)","decl":{"start":{"line":24,"column":28},"end":{"line":24,"column":40}},"loc":{"start":{"line":24,"column":40},"end":{"line":42,"column":null}}},"2":{"name":"(anonymous_2)","decl":{"start":{"line":44,"column":33},"end":{"line":44,"column":34}},"loc":{"start":{"line":44,"column":61},"end":{"line":48,"column":null}}},"3":{"name":"(anonymous_3)","decl":{"start":{"line":50,"column":29},"end":{"line":50,"column":35}},"loc":{"start":{"line":50,"column":35},"end":{"line":55,"column":null}}},"4":{"name":"(anonymous_4)","decl":{"start":{"line":62,"column":25},"end":{"line":62,"column":31}},"loc":{"start":{"line":62,"column":31},"end":{"line":66,"column":null}}},"5":{"name":"(anonymous_5)","decl":{"start":{"line":64,"column":21},"end":{"line":64,"column":22}},"loc":{"start":{"line":64,"column":35},"end":{"line":64,"column":47}}},"6":{"name":"(anonymous_6)","decl":{"start":{"line":68,"column":29},"end":{"line":68,"column":35}},"loc":{"start":{"line":68,"column":35},"end":{"line":72,"column":null}}},"7":{"name":"(anonymous_7)","decl":{"start":{"line":70,"column":21},"end":{"line":70,"column":22}},"loc":{"start":{"line":70,"column":35},"end":{"line":70,"column":47}}},"8":{"name":"(anonymous_8)","decl":{"start":{"line":74,"column":12},"end":{"line":74,"column":18}},"loc":{"start":{"line":74,"column":18},"end":{"line":84,"column":5}}},"9":{"name":"(anonymous_9)","decl":{"start":{"line":77,"column":48},"end":{"line":77,"column":49}},"loc":{"start":{"line":78,"column":8},"end":{"line":78,"column":null}}},"10":{"name":"(anonymous_10)","decl":{"start":{"line":86,"column":12},"end":{"line":86,"column":18}},"loc":{"start":{"line":86,"column":18},"end":{"line":95,"column":5}}},"11":{"name":"(anonymous_11)","decl":{"start":{"line":88,"column":35},"end":{"line":88,"column":47}},"loc":{"start":{"line":88,"column":47},"end":{"line":90,"column":null}}},"12":{"name":"(anonymous_12)","decl":{"start":{"line":92,"column":11},"end":{"line":92,"column":17}},"loc":{"start":{"line":92,"column":17},"end":{"line":94,"column":null}}},"13":{"name":"(anonymous_13)","decl":{"start":{"line":97,"column":33},"end":{"line":97,"column":68}},"loc":{"start":{"line":97,"column":68},"end":{"line":133,"column":null}}},"14":{"name":"(anonymous_14)","decl":{"start":{"line":110,"column":37},"end":{"line":110,"column":38}},"loc":{"start":{"line":111,"column":6},"end":{"line":131,"column":null}}},"15":{"name":"(anonymous_15)","decl":{"start":{"line":118,"column":17},"end":{"line":118,"column":23}},"loc":{"start":{"line":118,"column":23},"end":{"line":118,"column":null}}}},"branchMap":{"0":{"loc":{"start":{"line":25,"column":23},"end":{"line":25,"column":null}},"type":"binary-expr","locations":[{"start":{"line":25,"column":23},"end":{"line":25,"column":61}},{"start":{"line":25,"column":61},"end":{"line":25,"column":null}}]},"1":{"loc":{"start":{"line":28,"column":6},"end":{"line":34,"column":null}},"type":"if","locations":[{"start":{"line":28,"column":6},"end":{"line":34,"column":null}},{"start":{"line":31,"column":13},"end":{"line":34,"column":null}}]},"2":{"loc":{"start":{"line":28,"column":10},"end":{"line":28,"column":51}},"type":"binary-expr","locations":[{"start":{"line":28,"column":10},"end":{"line":28,"column":25}},{"start":{"line":28,"column":25},"end":{"line":28,"column":51}}]},"3":{"loc":{"start":{"line":38,"column":15},"end":{"line":38,"column":67}},"type":"cond-expr","locations":[{"start":{"line":38,"column":38},"end":{"line":38,"column":52}},{"start":{"line":38,"column":52},"end":{"line":38,"column":67}}]},"4":{"loc":{"start":{"line":63,"column":4},"end":{"line":65,"column":null}},"type":"if","locations":[{"start":{"line":63,"column":4},"end":{"line":65,"column":null}},{"start":{},"end":{}}]},"5":{"loc":{"start":{"line":69,"column":4},"end":{"line":71,"column":null}},"type":"if","locations":[{"start":{"line":69,"column":4},"end":{"line":71,"column":null}},{"start":{},"end":{}}]},"6":{"loc":{"start":{"line":76,"column":4},"end":{"line":83,"column":null}},"type":"if","locations":[{"start":{"line":76,"column":4},"end":{"line":83,"column":null}},{"start":{"line":81,"column":11},"end":{"line":83,"column":null}}]},"7":{"loc":{"start":{"line":80,"column":28},"end":{"line":80,"column":51}},"type":"binary-expr","locations":[{"start":{"line":80,"column":28},"end":{"line":80,"column":47}},{"start":{"line":80,"column":47},"end":{"line":80,"column":51}}]},"8":{"loc":{"start":{"line":98,"column":4},"end":{"line":108,"column":null}},"type":"if","locations":[{"start":{"line":98,"column":4},"end":{"line":108,"column":null}},{"start":{},"end":{}}]},"9":{"loc":{"start":{"line":99,"column":6},"end":{"line":100,"column":null}},"type":"binary-expr","locations":[{"start":{"line":99,"column":6},"end":{"line":99,"column":null}},{"start":{"line":100,"column":6},"end":{"line":100,"column":null}}]},"10":{"loc":{"start":{"line":114,"column":10},"end":{"line":116,"column":null}},"type":"cond-expr","locations":[{"start":{"line":115,"column":14},"end":{"line":115,"column":null}},{"start":{"line":116,"column":14},"end":{"line":116,"column":null}}]},"11":{"loc":{"start":{"line":128,"column":13},"end":{"line":128,"column":null}},"type":"binary-expr","locations":[{"start":{"line":128,"column":13},"end":{"line":128,"column":40}},{"start":{"line":128,"column":40},"end":{"line":128,"column":null}}]},"12":{"loc":{"start":{"line":135,"column":2},"end":{"line":141,"column":null}},"type":"if","locations":[{"start":{"line":135,"column":2},"end":{"line":141,"column":null}},{"start":{},"end":{}}]},"13":{"loc":{"start":{"line":147,"column":11},"end":{"line":150,"column":null}},"type":"cond-expr","locations":[{"start":{"line":148,"column":12},"end":{"line":148,"column":null}},{"start":{"line":150,"column":12},"end":{"line":150,"column":null}}]},"14":{"loc":{"start":{"line":174,"column":9},"end":{"line":200,"column":null}},"type":"binary-expr","locations":[{"start":{"line":174,"column":9},"end":{"line":174,"column":null}},{"start":{"line":175,"column":10},"end":{"line":200,"column":null}}]},"15":{"loc":{"start":{"line":188,"column":15},"end":{"line":188,"column":null}},"type":"binary-expr","locations":[{"start":{"line":188,"column":15},"end":{"line":188,"column":52}},{"start":{"line":188,"column":52},"end":{"line":188,"column":null}}]}},"s":{"0":1,"1":1,"2":18,"3":18,"4":18,"5":18,"6":18,"7":18,"8":18,"9":18,"10":6,"11":6,"12":6,"13":6,"14":6,"15":4,"16":0,"17":0,"18":4,"19":1,"20":1,"21":5,"22":18,"23":1,"24":1,"25":1,"26":18,"27":0,"28":0,"29":0,"30":0,"31":18,"32":18,"33":1,"34":1,"35":1,"36":18,"37":0,"38":0,"39":0,"40":18,"41":10,"42":10,"43":0,"44":0,"45":0,"46":10,"47":18,"48":6,"49":6,"50":0,"51":6,"52":6,"53":6,"54":18,"55":10,"56":2,"57":8,"58":52,"59":1,"60":18,"61":6,"62":12},"f":{"0":18,"1":6,"2":1,"3":0,"4":1,"5":1,"6":0,"7":0,"8":10,"9":0,"10":6,"11":0,"12":6,"13":10,"14":52,"15":1},"b":{"0":[6,6],"1":[6,0],"2":[6,0],"3":[1,0],"4":[1,0],"5":[0,0],"6":[0,10],"7":[0,0],"8":[2,8],"9":[10,10],"10":[1,51],"11":[52,0],"12":[6,12],"13":[2,10],"14":[12,1],"15":[1,1]}}
,"C:/Users/Asya_Danilova/Desktop/rs-react-course/src/components/SearchContainer/SearchContainer.tsx": {"path":"C:/Users/Asya_Danilova/Desktop/rs-react-course/src/components/SearchContainer/SearchContainer.tsx","statementMap":{"0":{"start":{"line":4,"column":24},"end":{"line":37,"column":null}},"1":{"start":{"line":5,"column":28},"end":{"line":8,"column":null}},"2":{"start":{"line":6,"column":23},"end":{"line":6,"column":null}},"3":{"start":{"line":7,"column":4},"end":{"line":7,"column":null}},"4":{"start":{"line":10,"column":23},"end":{"line":12,"column":null}},"5":{"start":{"line":11,"column":4},"end":{"line":11,"column":null}},"6":{"start":{"line":14,"column":22},"end":{"line":21,"column":null}},"7":{"start":{"line":15,"column":4},"end":{"line":21,"column":null}},"8":{"start":{"line":24,"column":23},"end":{"line":27,"column":null}},"9":{"start":{"line":25,"column":4},"end":{"line":27,"column":null}},"10":{"start":{"line":30,"column":2},"end":{"line":35,"column":null}}},"fnMap":{"0":{"name":"(anonymous_0)","decl":{"start":{"line":4,"column":24},"end":{"line":4,"column":30}},"loc":{"start":{"line":4,"column":30},"end":{"line":37,"column":null}}},"1":{"name":"(anonymous_1)","decl":{"start":{"line":5,"column":28},"end":{"line":5,"column":29}},"loc":{"start":{"line":5,"column":76},"end":{"line":8,"column":null}}},"2":{"name":"(anonymous_2)","decl":{"start":{"line":10,"column":23},"end":{"line":10,"column":29}},"loc":{"start":{"line":10,"column":29},"end":{"line":12,"column":null}}},"3":{"name":"(anonymous_3)","decl":{"start":{"line":14,"column":22},"end":{"line":14,"column":null}},"loc":{"start":{"line":15,"column":4},"end":{"line":21,"column":null}}},"4":{"name":"(anonymous_4)","decl":{"start":{"line":24,"column":23},"end":{"line":24,"column":null}},"loc":{"start":{"line":25,"column":4},"end":{"line":27,"column":null}}}},"branchMap":{"0":{"loc":{"start":{"line":17,"column":20},"end":{"line":17,"column":null}},"type":"binary-expr","locations":[{"start":{"line":17,"column":20},"end":{"line":17,"column":58}},{"start":{"line":17,"column":58},"end":{"line":17,"column":null}}]}},"s":{"0":1,"1":6,"2":1,"3":1,"4":6,"5":1,"6":6,"7":6,"8":6,"9":6,"10":6},"f":{"0":6,"1":1,"2":1,"3":6,"4":6},"b":{"0":[6,5]}}
,"C:/Users/Asya_Danilova/Desktop/rs-react-course/src/view/404Page/404Page.tsx": {"path":"C:/Users/Asya_Danilova/Desktop/rs-react-course/src/view/404Page/404Page.tsx","statementMap":{"0":{"start":{"line":6,"column":31},"end":{"line":19,"column":null}},"1":{"start":{"line":7,"column":2},"end":{"line":17,"column":null}}},"fnMap":{"0":{"name":"(anonymous_0)","decl":{"start":{"line":6,"column":31},"end":{"line":6,"column":37}},"loc":{"start":{"line":6,"column":37},"end":{"line":19,"column":null}}}},"branchMap":{},"s":{"0":4,"1":0},"f":{"0":0},"b":{}}
,"C:/Users/Asya_Danilova/Desktop/rs-react-course/src/view/About/about.tsx": {"path":"C:/Users/Asya_Danilova/Desktop/rs-react-course/src/view/About/about.tsx","statementMap":{"0":{"start":{"line":3,"column":20},"end":{"line":18,"column":null}},"1":{"start":{"line":20,"column":14},"end":{"line":75,"column":null}},"2":{"start":{"line":21,"column":2},"end":{"line":73,"column":null}},"3":{"start":{"line":29,"column":10},"end":{"line":70,"column":null}},"4":{"start":{"line":55,"column":20},"end":{"line":55,"column":null}}},"fnMap":{"0":{"name":"(anonymous_0)","decl":{"start":{"line":20,"column":14},"end":{"line":20,"column":33}},"loc":{"start":{"line":20,"column":33},"end":{"line":75,"column":null}}},"1":{"name":"(anonymous_1)","decl":{"start":{"line":28,"column":25},"end":{"line":28,"column":26}},"loc":{"start":{"line":29,"column":10},"end":{"line":70,"column":null}}},"2":{"name":"(anonymous_2)","decl":{"start":{"line":54,"column":44},"end":{"line":54,"column":45}},"loc":{"start":{"line":55,"column":20},"end":{"line":55,"column":null}}}},"branchMap":{"0":{"loc":{"start":{"line":52,"column":15},"end":{"line":59,"column":null}},"type":"cond-expr","locations":[{"start":{"line":53,"column":16},"end":{"line":57,"column":null}},{"start":{"line":59,"column":16},"end":{"line":59,"column":null}}]}},"s":{"0":5,"1":5,"2":6,"3":6,"4":24},"f":{"0":6,"1":6,"2":24},"b":{"0":[6,0]}}
}
