{"C:/Users/Asya_Danilova/Desktop/rs-react-course/src/App.tsx": {"path":"C:/Users/Asya_Danilova/Desktop/rs-react-course/src/App.tsx","statementMap":{"0":{"start":{"line":8,"column":2},"end":{"line":29,"column":null}},"1":{"start":{"line":17,"column":29},"end":{"line":17,"column":null}}},"fnMap":{"0":{"name":"App","decl":{"start":{"line":7,"column":9},"end":{"line":7,"column":15}},"loc":{"start":{"line":7,"column":15},"end":{"line":31,"column":null}}},"1":{"name":"(anonymous_1)","decl":{"start":{"line":17,"column":23},"end":{"line":17,"column":29}},"loc":{"start":{"line":17,"column":29},"end":{"line":17,"column":null}}}},"branchMap":{},"s":{"0":7,"1":1},"f":{"0":7,"1":1},"b":{}}
,"C:/Users/Asya_Danilova/Desktop/rs-react-course/src/main.tsx": {"path":"C:/Users/Asya_Danilova/Desktop/rs-react-course/src/main.tsx","statementMap":{"0":{"start":{"line":8,"column":0},"end":{"line":14,"column":null}}},"fnMap":{},"branchMap":{},"s":{"0":1},"f":{},"b":{}}
,"C:/Users/Asya_Danilova/Desktop/rs-react-course/src/api/getAllUniversities.tsx": {"path":"C:/Users/Asya_Danilova/Desktop/rs-react-course/src/api/getAllUniversities.tsx","statementMap":{"0":{"start":{"line":4,"column":19},"end":{"line":4,"column":null}},"1":{"start":{"line":5,"column":2},"end":{"line":10,"column":null}},"2":{"start":{"line":6,"column":4},"end":{"line":6,"column":null}},"3":{"start":{"line":8,"column":4},"end":{"line":8,"column":null}},"4":{"start":{"line":9,"column":4},"end":{"line":9,"column":null}}},"fnMap":{"0":{"name":"getAllUniversities","decl":{"start":{"line":3,"column":22},"end":{"line":3,"column":66}},"loc":{"start":{"line":3,"column":66},"end":{"line":11,"column":null}}}},"branchMap":{},"s":{"0":2,"1":2,"2":2,"3":1,"4":1},"f":{"0":2},"b":{}}
,"C:/Users/Asya_Danilova/Desktop/rs-react-course/src/api/makeApiRequest.tsx": {"path":"C:/Users/Asya_Danilova/Desktop/rs-react-course/src/api/makeApiRequest.tsx","statementMap":{"0":{"start":{"line":14,"column":42},"end":{"line":16,"column":null}},"1":{"start":{"line":18,"column":38},"end":{"line":21,"column":null}},"2":{"start":{"line":23,"column":17},"end":{"line":23,"column":null}},"3":{"start":{"line":25,"column":2},"end":{"line":27,"column":null}},"4":{"start":{"line":26,"column":4},"end":{"line":26,"column":null}},"5":{"start":{"line":29,"column":2},"end":{"line":43,"column":null}},"6":{"start":{"line":30,"column":21},"end":{"line":30,"column":null}},"7":{"start":{"line":32,"column":4},"end":{"line":36,"column":null}},"8":{"start":{"line":33,"column":24},"end":{"line":33,"column":null}},"9":{"start":{"line":34,"column":6},"end":{"line":34,"column":null}},"10":{"start":{"line":35,"column":6},"end":{"line":35,"column":null}},"11":{"start":{"line":38,"column":20},"end":{"line":38,"column":null}},"12":{"start":{"line":39,"column":4},"end":{"line":39,"column":null}},"13":{"start":{"line":41,"column":4},"end":{"line":41,"column":null}},"14":{"start":{"line":42,"column":4},"end":{"line":42,"column":null}}},"fnMap":{"0":{"name":"makeApiRequest","decl":{"start":{"line":9,"column":22},"end":{"line":9,"column":null}},"loc":{"start":{"line":13,"column":14},"end":{"line":44,"column":null}}}},"branchMap":{"0":{"loc":{"start":{"line":11,"column":2},"end":{"line":11,"column":null}},"type":"default-arg","locations":[{"start":{"line":11,"column":19},"end":{"line":11,"column":null}}]},"1":{"loc":{"start":{"line":25,"column":2},"end":{"line":27,"column":null}},"type":"if","locations":[{"start":{"line":25,"column":2},"end":{"line":27,"column":null}},{"start":{},"end":{}}]},"2":{"loc":{"start":{"line":25,"column":6},"end":{"line":25,"column":57}},"type":"binary-expr","locations":[{"start":{"line":25,"column":6},"end":{"line":25,"column":14}},{"start":{"line":25,"column":14},"end":{"line":25,"column":57}}]},"3":{"loc":{"start":{"line":32,"column":4},"end":{"line":36,"column":null}},"type":"if","locations":[{"start":{"line":32,"column":4},"end":{"line":36,"column":null}},{"start":{},"end":{}}]}},"s":{"0":2,"1":2,"2":2,"3":2,"4":0,"5":2,"6":2,"7":2,"8":1,"9":1,"10":1,"11":1,"12":1,"13":1,"14":1},"f":{"0":2},"b":{"0":[2],"1":[0,2],"2":[2,0],"3":[1,1]}}
,"C:/Users/Asya_Danilova/Desktop/rs-react-course/src/api/searchUniversities.tsx": {"path":"C:/Users/Asya_Danilova/Desktop/rs-react-course/src/api/searchUniversities.tsx","statementMap":{"0":{"start":{"line":6,"column":19},"end":{"line":6,"column":null}},"1":{"start":{"line":7,"column":2},"end":{"line":12,"column":null}},"2":{"start":{"line":8,"column":4},"end":{"line":8,"column":null}},"3":{"start":{"line":10,"column":4},"end":{"line":10,"column":null}},"4":{"start":{"line":11,"column":4},"end":{"line":11,"column":null}}},"fnMap":{"0":{"name":"searchUniversities","decl":{"start":{"line":3,"column":22},"end":{"line":3,"column":null}},"loc":{"start":{"line":5,"column":25},"end":{"line":13,"column":null}}}},"branchMap":{},"s":{"0":2,"1":2,"2":2,"3":1,"4":1},"f":{"0":2},"b":{}}
,"C:/Users/Asya_Danilova/Desktop/rs-react-course/src/components/ErrorBoundary/ErrorBoundary.tsx": {"path":"C:/Users/Asya_Danilova/Desktop/rs-react-course/src/components/ErrorBoundary/ErrorBoundary.tsx","statementMap":{"0":{"start":{"line":13,"column":4},"end":{"line":13,"column":null}},"1":{"start":{"line":14,"column":4},"end":{"line":14,"column":null}},"2":{"start":{"line":17,"column":40},"end":{"line":29,"column":null}},"3":{"start":{"line":22,"column":25},"end":{"line":22,"column":null}},"4":{"start":{"line":32,"column":4},"end":{"line":32,"column":null}},"5":{"start":{"line":36,"column":4},"end":{"line":36,"column":null}},"6":{"start":{"line":40,"column":4},"end":{"line":42,"column":null}},"7":{"start":{"line":41,"column":6},"end":{"line":41,"column":null}},"8":{"start":{"line":43,"column":4},"end":{"line":43,"column":null}}},"fnMap":{"0":{"name":"(anonymous_0)","decl":{"start":{"line":12,"column":2},"end":{"line":12,"column":14}},"loc":{"start":{"line":12,"column":28},"end":{"line":15,"column":null}}},"1":{"name":"(anonymous_1)","decl":{"start":{"line":22,"column":19},"end":{"line":22,"column":25}},"loc":{"start":{"line":22,"column":25},"end":{"line":22,"column":null}}},"2":{"name":"(anonymous_2)","decl":{"start":{"line":31,"column":2},"end":{"line":31,"column":9}},"loc":{"start":{"line":31,"column":59},"end":{"line":33,"column":null}}},"3":{"name":"(anonymous_3)","decl":{"start":{"line":35,"column":2},"end":{"line":35,"column":20}},"loc":{"start":{"line":35,"column":68},"end":{"line":37,"column":null}}},"4":{"name":"(anonymous_4)","decl":{"start":{"line":39,"column":2},"end":{"line":39,"column":22}},"loc":{"start":{"line":39,"column":22},"end":{"line":44,"column":null}}}},"branchMap":{"0":{"loc":{"start":{"line":40,"column":4},"end":{"line":42,"column":null}},"type":"if","locations":[{"start":{"line":40,"column":4},"end":{"line":42,"column":null}},{"start":{},"end":{}}]}},"s":{"0":19,"1":16,"2":5,"3":0,"4":10,"5":5,"6":26,"7":10,"8":16},"f":{"0":19,"1":0,"2":10,"3":5,"4":26},"b":{"0":[10,16]}}
,"C:/Users/Asya_Danilova/Desktop/rs-react-course/src/components/ErrorButton/ErrorButton.tsx": {"path":"C:/Users/Asya_Danilova/Desktop/rs-react-course/src/components/ErrorButton/ErrorButton.tsx","statementMap":{"0":{"start":{"line":9,"column":4},"end":{"line":9,"column":null}},"1":{"start":{"line":10,"column":4},"end":{"line":12,"column":null}},"2":{"start":{"line":14,"column":17},"end":{"line":16,"column":null}},"3":{"start":{"line":15,"column":4},"end":{"line":15,"column":null}},"4":{"start":{"line":19,"column":4},"end":{"line":21,"column":null}},"5":{"start":{"line":20,"column":6},"end":{"line":20,"column":null}},"6":{"start":{"line":23,"column":4},"end":{"line":28,"column":null}}},"fnMap":{"0":{"name":"(anonymous_0)","decl":{"start":{"line":8,"column":2},"end":{"line":8,"column":14}},"loc":{"start":{"line":8,"column":29},"end":{"line":13,"column":null}}},"1":{"name":"(anonymous_1)","decl":{"start":{"line":14,"column":17},"end":{"line":14,"column":29}},"loc":{"start":{"line":14,"column":29},"end":{"line":16,"column":null}}},"2":{"name":"(anonymous_2)","decl":{"start":{"line":18,"column":2},"end":{"line":18,"column":24}},"loc":{"start":{"line":18,"column":24},"end":{"line":30,"column":null}}}},"branchMap":{"0":{"loc":{"start":{"line":19,"column":4},"end":{"line":21,"column":null}},"type":"if","locations":[{"start":{"line":19,"column":4},"end":{"line":21,"column":null}},{"start":{},"end":{}}]}},"s":{"0":9,"1":8,"2":8,"3":1,"4":12,"5":4,"6":8},"f":{"0":9,"1":1,"2":12},"b":{"0":[4,8]}}
,"C:/Users/Asya_Danilova/Desktop/rs-react-course/src/components/Footer/Footer.tsx": {"path":"C:/Users/Asya_Danilova/Desktop/rs-react-course/src/components/Footer/Footer.tsx","statementMap":{"0":{"start":{"line":6,"column":10},"end":{"line":6,"column":null}},"1":{"start":{"line":7,"column":4},"end":{"line":25,"column":null}}},"fnMap":{"0":{"name":"(anonymous_0)","decl":{"start":{"line":5,"column":2},"end":{"line":5,"column":11}},"loc":{"start":{"line":5,"column":11},"end":{"line":27,"column":null}}}},"branchMap":{},"s":{"0":2,"1":2},"f":{"0":2},"b":{}}
,"C:/Users/Asya_Danilova/Desktop/rs-react-course/src/components/Header/Header.tsx": {"path":"C:/Users/Asya_Danilova/Desktop/rs-react-course/src/components/Header/Header.tsx","statementMap":{"0":{"start":{"line":7,"column":4},"end":{"line":31,"column":null}},"1":{"start":{"line":36,"column":4},"end":{"line":47,"column":null}}},"fnMap":{"0":{"name":"(anonymous_0)","decl":{"start":{"line":6,"column":2},"end":{"line":6,"column":28}},"loc":{"start":{"line":6,"column":28},"end":{"line":33,"column":null}}},"1":{"name":"(anonymous_1)","decl":{"start":{"line":35,"column":2},"end":{"line":35,"column":24}},"loc":{"start":{"line":35,"column":24},"end":{"line":49,"column":null}}}},"branchMap":{},"s":{"0":1,"1":1},"f":{"0":1,"1":1},"b":{}}
,"C:/Users/Asya_Danilova/Desktop/rs-react-course/src/components/MainContainer/MainContainer.tsx": {"path":"C:/Users/Asya_Danilova/Desktop/rs-react-course/src/components/MainContainer/MainContainer.tsx","statementMap":{"0":{"start":{"line":9,"column":4},"end":{"line":21,"column":null}}},"fnMap":{"0":{"name":"(anonymous_0)","decl":{"start":{"line":8,"column":2},"end":{"line":8,"column":11}},"loc":{"start":{"line":8,"column":11},"end":{"line":23,"column":null}}}},"branchMap":{},"s":{"0":3},"f":{"0":3},"b":{}}
,"C:/Users/Asya_Danilova/Desktop/rs-react-course/src/components/ResultsContainer/ResultsContainer.tsx": {"path":"C:/Users/Asya_Danilova/Desktop/rs-react-course/src/components/ResultsContainer/ResultsContainer.tsx","statementMap":{"0":{"start":{"line":18,"column":4},"end":{"line":18,"column":null}},"1":{"start":{"line":20,"column":4},"end":{"line":24,"column":null}},"2":{"start":{"line":28,"column":23},"end":{"line":28,"column":null}},"3":{"start":{"line":30,"column":4},"end":{"line":42,"column":null}},"4":{"start":{"line":31,"column":6},"end":{"line":40,"column":null}},"5":{"start":{"line":32,"column":29},"end":{"line":32,"column":null}},"6":{"start":{"line":33,"column":8},"end":{"line":33,"column":null}},"7":{"start":{"line":35,"column":8},"end":{"line":38,"column":null}},"8":{"start":{"line":39,"column":8},"end":{"line":39,"column":null}},"9":{"start":{"line":41,"column":6},"end":{"line":41,"column":null}},"10":{"start":{"line":44,"column":4},"end":{"line":54,"column":null}},"11":{"start":{"line":45,"column":6},"end":{"line":45,"column":null}},"12":{"start":{"line":46,"column":27},"end":{"line":46,"column":null}},"13":{"start":{"line":47,"column":6},"end":{"line":47,"column":null}},"14":{"start":{"line":49,"column":6},"end":{"line":49,"column":null}},"15":{"start":{"line":50,"column":6},"end":{"line":53,"column":null}},"16":{"start":{"line":58,"column":4},"end":{"line":58,"column":null}},"17":{"start":{"line":60,"column":4},"end":{"line":63,"column":null}},"18":{"start":{"line":67,"column":4},"end":{"line":70,"column":null}},"19":{"start":{"line":73,"column":27},"end":{"line":101,"column":null}},"20":{"start":{"line":74,"column":29},"end":{"line":74,"column":null}},"21":{"start":{"line":76,"column":4},"end":{"line":85,"column":null}},"22":{"start":{"line":77,"column":6},"end":{"line":84,"column":null}},"23":{"start":{"line":87,"column":4},"end":{"line":100,"column":null}},"24":{"start":{"line":88,"column":6},"end":{"line":99,"column":null}},"25":{"start":{"line":104,"column":31},"end":{"line":104,"column":null}},"26":{"start":{"line":106,"column":4},"end":{"line":112,"column":null}},"27":{"start":{"line":107,"column":6},"end":{"line":110,"column":null}},"28":{"start":{"line":114,"column":4},"end":{"line":123,"column":null}}},"fnMap":{"0":{"name":"(anonymous_0)","decl":{"start":{"line":17,"column":2},"end":{"line":17,"column":14}},"loc":{"start":{"line":17,"column":35},"end":{"line":25,"column":null}}},"1":{"name":"(anonymous_1)","decl":{"start":{"line":27,"column":2},"end":{"line":27,"column":8}},"loc":{"start":{"line":27,"column":43},"end":{"line":55,"column":null}}},"2":{"name":"(anonymous_2)","decl":{"start":{"line":57,"column":2},"end":{"line":57,"column":8}},"loc":{"start":{"line":57,"column":43},"end":{"line":64,"column":null}}},"3":{"name":"(anonymous_3)","decl":{"start":{"line":66,"column":2},"end":{"line":66,"column":31}},"loc":{"start":{"line":66,"column":31},"end":{"line":71,"column":null}}},"4":{"name":"(anonymous_4)","decl":{"start":{"line":73,"column":27},"end":{"line":73,"column":48}},"loc":{"start":{"line":73,"column":48},"end":{"line":101,"column":null}}},"5":{"name":"(anonymous_5)","decl":{"start":{"line":87,"column":28},"end":{"line":87,"column":29}},"loc":{"start":{"line":88,"column":6},"end":{"line":99,"column":null}}},"6":{"name":"(anonymous_6)","decl":{"start":{"line":103,"column":2},"end":{"line":103,"column":11}},"loc":{"start":{"line":103,"column":11},"end":{"line":125,"column":null}}}},"branchMap":{"0":{"loc":{"start":{"line":28,"column":23},"end":{"line":28,"column":null}},"type":"binary-expr","locations":[{"start":{"line":28,"column":23},"end":{"line":28,"column":61}},{"start":{"line":28,"column":61},"end":{"line":28,"column":null}}]},"1":{"loc":{"start":{"line":30,"column":4},"end":{"line":42,"column":null}},"type":"if","locations":[{"start":{"line":30,"column":4},"end":{"line":42,"column":null}},{"start":{},"end":{}}]},"2":{"loc":{"start":{"line":30,"column":8},"end":{"line":30,"column":49}},"type":"binary-expr","locations":[{"start":{"line":30,"column":8},"end":{"line":30,"column":23}},{"start":{"line":30,"column":23},"end":{"line":30,"column":49}}]},"3":{"loc":{"start":{"line":36,"column":17},"end":{"line":36,"column":null}},"type":"binary-expr","locations":[{"start":{"line":36,"column":17},"end":{"line":36,"column":31}},{"start":{"line":36,"column":31},"end":{"line":36,"column":null}}]},"4":{"loc":{"start":{"line":39,"column":24},"end":{"line":39,"column":67}},"type":"binary-expr","locations":[{"start":{"line":39,"column":24},"end":{"line":39,"column":38}},{"start":{"line":39,"column":38},"end":{"line":39,"column":67}}]},"5":{"loc":{"start":{"line":51,"column":15},"end":{"line":51,"column":null}},"type":"binary-expr","locations":[{"start":{"line":51,"column":15},"end":{"line":51,"column":29}},{"start":{"line":51,"column":29},"end":{"line":51,"column":null}}]},"6":{"loc":{"start":{"line":76,"column":4},"end":{"line":85,"column":null}},"type":"if","locations":[{"start":{"line":76,"column":4},"end":{"line":85,"column":null}},{"start":{},"end":{}}]},"7":{"loc":{"start":{"line":76,"column":8},"end":{"line":76,"column":52}},"type":"binary-expr","locations":[{"start":{"line":76,"column":8},"end":{"line":76,"column":25}},{"start":{"line":76,"column":25},"end":{"line":76,"column":52}}]},"8":{"loc":{"start":{"line":96,"column":13},"end":{"line":96,"column":null}},"type":"binary-expr","locations":[{"start":{"line":96,"column":13},"end":{"line":96,"column":40}},{"start":{"line":96,"column":40},"end":{"line":96,"column":null}}]},"9":{"loc":{"start":{"line":106,"column":4},"end":{"line":112,"column":null}},"type":"if","locations":[{"start":{"line":106,"column":4},"end":{"line":112,"column":null}},{"start":{},"end":{}}]},"10":{"loc":{"start":{"line":117,"column":11},"end":{"line":120,"column":null}},"type":"cond-expr","locations":[{"start":{"line":118,"column":12},"end":{"line":118,"column":null}},{"start":{"line":120,"column":12},"end":{"line":120,"column":null}}]}},"s":{"0":7,"1":6,"2":8,"3":8,"4":7,"5":7,"6":5,"7":1,"8":1,"9":5,"10":1,"11":1,"12":1,"13":1,"14":0,"15":0,"16":6,"17":4,"18":6,"19":6,"20":3,"21":3,"22":2,"23":1,"24":2,"25":11,"26":11,"27":7,"28":4},"f":{"0":7,"1":8,"2":6,"3":6,"4":3,"5":2,"6":11},"b":{"0":[8,7],"1":[7,1],"2":[8,1],"3":[1,0],"4":[1,0],"5":[0,0],"6":[2,1],"7":[3,3],"8":[2,0],"9":[7,4],"10":[1,3]}}
,"C:/Users/Asya_Danilova/Desktop/rs-react-course/src/components/SearchContainer/SearchContainer.tsx": {"path":"C:/Users/Asya_Danilova/Desktop/rs-react-course/src/components/SearchContainer/SearchContainer.tsx","statementMap":{"0":{"start":{"line":6,"column":22},"end":{"line":9,"column":null}},"1":{"start":{"line":7,"column":23},"end":{"line":7,"column":null}},"2":{"start":{"line":8,"column":4},"end":{"line":8,"column":null}},"3":{"start":{"line":11,"column":17},"end":{"line":13,"column":null}},"4":{"start":{"line":12,"column":4},"end":{"line":12,"column":null}},"5":{"start":{"line":16,"column":4},"end":{"line":25,"column":null}},"6":{"start":{"line":30,"column":4},"end":{"line":35,"column":null}},"7":{"start":{"line":40,"column":4},"end":{"line":47,"column":null}}},"fnMap":{"0":{"name":"(anonymous_0)","decl":{"start":{"line":6,"column":22},"end":{"line":6,"column":23}},"loc":{"start":{"line":6,"column":76},"end":{"line":9,"column":null}}},"1":{"name":"(anonymous_1)","decl":{"start":{"line":11,"column":17},"end":{"line":11,"column":29}},"loc":{"start":{"line":11,"column":29},"end":{"line":13,"column":null}}},"2":{"name":"(anonymous_2)","decl":{"start":{"line":15,"column":2},"end":{"line":15,"column":29}},"loc":{"start":{"line":15,"column":29},"end":{"line":27,"column":null}}},"3":{"name":"(anonymous_3)","decl":{"start":{"line":29,"column":2},"end":{"line":29,"column":30}},"loc":{"start":{"line":29,"column":30},"end":{"line":37,"column":null}}},"4":{"name":"(anonymous_4)","decl":{"start":{"line":39,"column":2},"end":{"line":39,"column":24}},"loc":{"start":{"line":39,"column":24},"end":{"line":49,"column":null}}}},"branchMap":{"0":{"loc":{"start":{"line":20,"column":24},"end":{"line":20,"column":null}},"type":"binary-expr","locations":[{"start":{"line":20,"column":24},"end":{"line":20,"column":62}},{"start":{"line":20,"column":62},"end":{"line":20,"column":null}}]}},"s":{"0":6,"1":1,"2":1,"3":6,"4":1,"5":6,"6":6,"7":6},"f":{"0":1,"1":1,"2":6,"3":6,"4":6},"b":{"0":[6,5]}}
}
